Working directory: "/home/philip/Code/Customers/Garrett/iso15765-canbus-fuzzing/.cifuzz/build/libfuzzer/address+undefined"
Command: "cmake" "-DCMAKE_BUILD_TYPE=RelWithDebInfo" "-DCIFUZZ_ENGINE=libfuzzer" "-DCIFUZZ_SANITIZERS=address;undefined" "-DCIFUZZ_TESTING:BOOL=ON" "-DCMAKE_BUILD_TYPE=RelWithDebInfo" "-DCMAKE_BUILD_RPATH_USE_ORIGIN:BOOL=ON" "/home/philip/Code/Customers/Garrett/iso15765-canbus-fuzzing"
CMake Warning (dev) at /usr/share/cmake-3.30/Modules/FetchContent.cmake:1373 (message):
  The DOWNLOAD_EXTRACT_TIMESTAMP option was not given and policy CMP0135 is
  not set.  The policy's OLD behavior will be used.  When using a URL
  download, the timestamps of extracted files should preferably be that of
  the time of extraction, otherwise code that depends on the extracted
  contents might not be rebuilt if the URL changes.  The OLD behavior
  preserves the timestamps from the archive instead, but this is usually not
  what you want.  Update your project to the NEW behavior or specify the
  DOWNLOAD_EXTRACT_TIMESTAMP option with a value of true to avoid this
  robustness issue.
Call Stack (most recent call first):
  CMakeLists.txt:12 (FetchContent_Declare)
This warning is for project developers.  Use -Wno-dev to suppress it.

-- Configuring done (0.2s)
-- Generating done (0.0s)
-- Build files have been written to: /home/philip/Code/Customers/Garrett/iso15765-canbus-fuzzing/.cifuzz/build/libfuzzer/address+undefined
Working directory: "/home/philip/Code/Customers/Garrett/iso15765-canbus-fuzzing"
Command: "cmake" "--build" "/home/philip/Code/Customers/Garrett/iso15765-canbus-fuzzing/.cifuzz/build/libfuzzer/address+undefined" "--config" "RelWithDebInfo" "--target" "fuzz_iqueue_init"
[ 12%] Building CXX object _deps/googletest-build/googletest/CMakeFiles/gtest.dir/src/gtest-all.cc.o
[ 25%] Linking CXX static library ../../../lib/libgtest.a
[ 25%] Built target gtest
[ 37%] Building C object CMakeFiles/lib_iso15765.dir/lib/lib_iqueue.c.o
[ 50%] Building C object CMakeFiles/lib_iso15765.dir/src/lib_iso15765.c.o
[ 62%] Linking C static library liblib_iso15765.a
[ 62%] Built target lib_iso15765
[ 75%] Building CXX object fuzz-tests/CMakeFiles/fuzz_iqueue_init.dir/fuzz_iqueue_init.cpp.o
[ 87%] Building C object fuzz-tests/CMakeFiles/fuzz_iqueue_init.dir/opt/code-intelligence/cifuzz/src/dumper.c.o
[100%] Linking CXX executable fuzz_iqueue_init
[100%] Built target fuzz_iqueue_init
