Working directory: "/home/philip/Code/Customers/Garrett/iso15765-canbus-fuzzing"
Command: ASAN_SYMBOLIZER_PATH='/usr/lib/llvm-14/bin/llvm-symbolizer' LLVM_SYMBOLIZER_OPTS='--relativenames' LD_LIBRARY_PATH='' UBSAN_OPTIONS='color=always:print_stacktrace=1:log_path=stderr' ASAN_OPTIONS='color=always:log_path=stderr:exitcode=78:abort_on_error=0:halt_on_error=0' "/home/philip/Code/Customers/Garrett/iso15765-canbus-fuzzing/.cifuzz/build/libfuzzer/address+undefined/fuzz-tests/fuzz_iqueue_init" "-max_total_time=1800" "-use_value_profile=1" "/home/philip/Code/Customers/Garrett/iso15765-canbus-fuzzing/.cifuzz-corpus/fuzz_iqueue_init" "-artifact_prefix=/tmp/libfuzzer-out-570315890/"
INFO: Running with entropic power schedule (0xFF, 100).
INFO: Seed: 1117348457
INFO: Loaded 1 modules   (3052 inline 8-bit counters): 3052 [0x5578beb03278, 0x5578beb03e64), 
INFO: Loaded 1 PC tables (3052 PCs): 3052 [0x5578beb03e68,0x5578beb0fd28), 
INFO:        0 files found in /home/philip/Code/Customers/Garrett/iso15765-canbus-fuzzing/.cifuzz-corpus/fuzz_iqueue_init
INFO: -max_len is not provided; libFuzzer will not generate inputs larger than 4096 bytes
[1m/home/philip/Code/Customers/Garrett/iso15765-canbus-fuzzing/src/lib_iso15765.c:508:4:[1m[31m runtime error: [1m[0m[1mcall to function LLVMFuzzerTestOneInputNoReturn(unsigned char const*, unsigned long)::$_4::__invoke(n_cfm_t*) through pointer to incorrect function type 'void (*)(void *)'[1m[0m
[1m/home/philip/Code/Customers/Garrett/iso15765-canbus-fuzzing/fuzz-tests/fuzz_iqueue_init.cpp:34:[1m[30m note: [1m[0mLLVMFuzzerTestOneInputNoReturn(unsigned char const*, unsigned long)::$_4::__invoke(n_cfm_t*) defined here[1m[0m
    #0 0x5578bea5a74d in signaling /home/philip/Code/Customers/Garrett/iso15765-canbus-fuzzing/src/lib_iso15765.c
    #1 0x5578bea56b2e in iso15765_process_out /home/philip/Code/Customers/Garrett/iso15765-canbus-fuzzing/src/lib_iso15765.c:896:2
    #2 0x5578bea4cad6 in iso15765_process /home/philip/Code/Customers/Garrett/iso15765-canbus-fuzzing/src/lib_iso15765.c:1022:10
    #3 0x5578bea480d1 in LLVMFuzzerTestOneInputNoReturn(unsigned char const*, unsigned long) /home/philip/Code/Customers/Garrett/iso15765-canbus-fuzzing/fuzz-tests/fuzz_iqueue_init.cpp:63:3
    #4 0x5578bea48d77 in LLVMFuzzerTestOneInput /home/philip/Code/Customers/Garrett/iso15765-canbus-fuzzing/fuzz-tests/fuzz_iqueue_init.cpp:17:1
    #5 0x5578be950fc0 in fuzzer::Fuzzer::ExecuteCallback(unsigned char const*, unsigned long) (/home/philip/Code/Customers/Garrett/iso15765-canbus-fuzzing/.cifuzz/build/libfuzzer/address+undefined/fuzz-tests/fuzz_iqueue_init+0x72fc0) (BuildId: 50d89e340df48dc44cf9d34d8ce99efe54a47b72)
    #6 0x5578be952261 in fuzzer::Fuzzer::ReadAndExecuteSeedCorpora(std::vector<fuzzer::SizedFile, std::allocator<fuzzer::SizedFile> >&) (/home/philip/Code/Customers/Garrett/iso15765-canbus-fuzzing/.cifuzz/build/libfuzzer/address+undefined/fuzz-tests/fuzz_iqueue_init+0x74261) (BuildId: 50d89e340df48dc44cf9d34d8ce99efe54a47b72)
    #7 0x5578be952933 in fuzzer::Fuzzer::Loop(std::vector<fuzzer::SizedFile, std::allocator<fuzzer::SizedFile> >&) (/home/philip/Code/Customers/Garrett/iso15765-canbus-fuzzing/.cifuzz/build/libfuzzer/address+undefined/fuzz-tests/fuzz_iqueue_init+0x74933) (BuildId: 50d89e340df48dc44cf9d34d8ce99efe54a47b72)
    #8 0x5578be940c3f in fuzzer::FuzzerDriver(int*, char***, int (*)(unsigned char const*, unsigned long)) (/home/philip/Code/Customers/Garrett/iso15765-canbus-fuzzing/.cifuzz/build/libfuzzer/address+undefined/fuzz-tests/fuzz_iqueue_init+0x62c3f) (BuildId: 50d89e340df48dc44cf9d34d8ce99efe54a47b72)
    #9 0x5578be969cd2 in main (/home/philip/Code/Customers/Garrett/iso15765-canbus-fuzzing/.cifuzz/build/libfuzzer/address+undefined/fuzz-tests/fuzz_iqueue_init+0x8bcd2) (BuildId: 50d89e340df48dc44cf9d34d8ce99efe54a47b72)
    #10 0x7bdb3ea29d8f in __libc_start_call_main ../sysdeps/nptl/libc_start_call_main.h:58:16
    #11 0x7bdb3ea29e3f in __libc_start_main ../csu/libc-start.c:392:3
    #12 0x5578be9361b4 in _start (/home/philip/Code/Customers/Garrett/iso15765-canbus-fuzzing/.cifuzz/build/libfuzzer/address+undefined/fuzz-tests/fuzz_iqueue_init+0x581b4) (BuildId: 50d89e340df48dc44cf9d34d8ce99efe54a47b72)

SUMMARY: UndefinedBehaviorSanitizer: undefined-behavior /home/philip/Code/Customers/Garrett/iso15765-canbus-fuzzing/src/lib_iso15765.c:508:4 MS: 0 ; base unit: 0000000000000000000000000000000000000000


artifact_prefix='/tmp/libfuzzer-out-570315890/'; Test unit written to /tmp/libfuzzer-out-570315890/crash-da39a3ee5e6b4b0d3255bfef95601890afd80709
Base64: 
INFO: A corpus is not provided, starting from an empty corpus
#2	INITED cov: 148 ft: 302 corp: 1/1b exec/s: 0 rss: 34Mb
#3	NEW    cov: 150 ft: 319 corp: 2/3b lim: 4 exec/s: 0 rss: 34Mb L: 2/2 MS: 1 InsertByte-
#5	NEW    cov: 150 ft: 323 corp: 3/5b lim: 4 exec/s: 0 rss: 34Mb L: 2/2 MS: 2 CopyPart-CopyPart-
#6	NEW    cov: 153 ft: 339 corp: 4/8b lim: 4 exec/s: 0 rss: 34Mb L: 3/3 MS: 1 InsertByte-
#7	NEW    cov: 159 ft: 353 corp: 5/10b lim: 4 exec/s: 0 rss: 34Mb L: 2/3 MS: 1 InsertByte-
#9	NEW    cov: 159 ft: 355 corp: 6/13b lim: 4 exec/s: 0 rss: 34Mb L: 3/3 MS: 2 ChangeBit-CrossOver-
#13	NEW    cov: 159 ft: 356 corp: 7/16b lim: 4 exec/s: 0 rss: 34Mb L: 3/3 MS: 4 InsertByte-ChangeBit-InsertByte-ChangeBinInt-
#14	NEW    cov: 159 ft: 359 corp: 8/18b lim: 4 exec/s: 0 rss: 34Mb L: 2/3 MS: 1 CrossOver-
#16	NEW    cov: 159 ft: 360 corp: 9/21b lim: 4 exec/s: 0 rss: 34Mb L: 3/3 MS: 2 CrossOver-ShuffleBytes-
#18	NEW    cov: 159 ft: 362 corp: 10/24b lim: 4 exec/s: 0 rss: 34Mb L: 3/3 MS: 2 ChangeBinInt-ShuffleBytes-
#19	NEW    cov: 159 ft: 365 corp: 11/25b lim: 4 exec/s: 0 rss: 34Mb L: 1/3 MS: 1 EraseBytes-
#22	NEW    cov: 162 ft: 381 corp: 12/29b lim: 4 exec/s: 0 rss: 34Mb L: 4/4 MS: 3 ChangeByte-CopyPart-InsertByte-
#25	NEW    cov: 162 ft: 382 corp: 13/33b lim: 4 exec/s: 0 rss: 35Mb L: 4/4 MS: 3 InsertByte-ChangeBinInt-CrossOver-
#30	NEW    cov: 162 ft: 383 corp: 14/37b lim: 4 exec/s: 0 rss: 35Mb L: 4/4 MS: 5 ChangeByte-CrossOver-CrossOver-CrossOver-CopyPart-
#33	NEW    cov: 162 ft: 386 corp: 15/41b lim: 4 exec/s: 0 rss: 35Mb L: 4/4 MS: 3 ShuffleBytes-InsertByte-ChangeBinInt-
#39	NEW    cov: 162 ft: 389 corp: 16/44b lim: 4 exec/s: 0 rss: 35Mb L: 3/4 MS: 1 InsertByte-
#56	NEW    cov: 162 ft: 392 corp: 17/48b lim: 4 exec/s: 0 rss: 35Mb L: 4/4 MS: 2 ChangeBinInt-CMP- DE: "\000\000"-
#76	NEW    cov: 162 ft: 398 corp: 18/52b lim: 4 exec/s: 0 rss: 35Mb L: 4/4 MS: 5 ChangeBinInt-CrossOver-CrossOver-ShuffleBytes-InsertByte-
#174	NEW    cov: 162 ft: 399 corp: 19/56b lim: 4 exec/s: 0 rss: 36Mb L: 4/4 MS: 3 ShuffleBytes-ChangeBit-InsertByte-
#290	NEW    cov: 162 ft: 402 corp: 20/59b lim: 4 exec/s: 0 rss: 36Mb L: 3/4 MS: 1 ChangeBit-
#347	NEW    cov: 162 ft: 403 corp: 21/61b lim: 4 exec/s: 0 rss: 36Mb L: 2/4 MS: 2 InsertByte-EraseBytes-
#562	NEW    cov: 167 ft: 428 corp: 22/67b lim: 6 exec/s: 0 rss: 36Mb L: 6/6 MS: 5 InsertByte-EraseBytes-ShuffleBytes-CopyPart-InsertRepeatedBytes-
#565	NEW    cov: 167 ft: 430 corp: 23/73b lim: 6 exec/s: 0 rss: 36Mb L: 6/6 MS: 3 ChangeBinInt-ChangeBinInt-PersAutoDict- DE: "\000\000"-
#566	NEW    cov: 167 ft: 432 corp: 24/79b lim: 6 exec/s: 0 rss: 36Mb L: 6/6 MS: 1 ChangeBinInt-
#567	NEW    cov: 168 ft: 441 corp: 25/84b lim: 6 exec/s: 0 rss: 36Mb L: 5/6 MS: 1 CopyPart-
#581	NEW    cov: 168 ft: 442 corp: 26/89b lim: 6 exec/s: 0 rss: 36Mb L: 5/6 MS: 4 InsertByte-InsertByte-ChangeBit-ChangeByte-
#601	NEW    cov: 168 ft: 445 corp: 27/95b lim: 6 exec/s: 0 rss: 36Mb L: 6/6 MS: 5 CopyPart-ChangeBit-CrossOver-CMP-InsertByte- DE: "\000\000"-
#602	NEW    cov: 168 ft: 447 corp: 28/101b lim: 6 exec/s: 0 rss: 36Mb L: 6/6 MS: 1 ChangeByte-
#651	NEW    cov: 168 ft: 448 corp: 29/105b lim: 6 exec/s: 0 rss: 36Mb L: 4/6 MS: 4 ShuffleBytes-ChangeByte-EraseBytes-ChangeByte-
#699	NEW    cov: 168 ft: 452 corp: 30/111b lim: 6 exec/s: 0 rss: 36Mb L: 6/6 MS: 3 PersAutoDict-InsertByte-ChangeBinInt- DE: "\000\000"-
#701	NEW    cov: 168 ft: 453 corp: 31/116b lim: 6 exec/s: 0 rss: 36Mb L: 5/6 MS: 2 ChangeBit-InsertByte-
#704	NEW    cov: 168 ft: 454 corp: 32/122b lim: 6 exec/s: 0 rss: 36Mb L: 6/6 MS: 3 ChangeBinInt-PersAutoDict-ChangeBinInt- DE: "\000\000"-
#715	NEW    cov: 168 ft: 455 corp: 33/128b lim: 6 exec/s: 0 rss: 36Mb L: 6/6 MS: 1 ShuffleBytes-
#933	NEW    cov: 170 ft: 470 corp: 34/135b lim: 8 exec/s: 0 rss: 36Mb L: 7/7 MS: 3 CrossOver-ChangeBit-InsertRepeatedBytes-
#956	NEW    cov: 172 ft: 487 corp: 35/143b lim: 8 exec/s: 0 rss: 36Mb L: 8/8 MS: 3 EraseBytes-InsertByte-InsertRepeatedBytes-
#958	NEW    cov: 172 ft: 488 corp: 36/150b lim: 8 exec/s: 0 rss: 36Mb L: 7/8 MS: 2 PersAutoDict-InsertByte- DE: "\000\000"-
#960	NEW    cov: 172 ft: 490 corp: 37/158b lim: 8 exec/s: 0 rss: 36Mb L: 8/8 MS: 2 InsertByte-CopyPart-
#971	NEW    cov: 172 ft: 491 corp: 38/166b lim: 8 exec/s: 0 rss: 36Mb L: 8/8 MS: 1 PersAutoDict- DE: "\000\000"-
#978	NEW    cov: 172 ft: 492 corp: 39/173b lim: 8 exec/s: 0 rss: 36Mb L: 7/8 MS: 2 CopyPart-ChangeBinInt-
#992	NEW    cov: 172 ft: 493 corp: 40/181b lim: 8 exec/s: 0 rss: 36Mb L: 8/8 MS: 4 ChangeByte-ChangeByte-PersAutoDict-CrossOver- DE: "\000\000"-
#1031	NEW    cov: 172 ft: 495 corp: 41/189b lim: 8 exec/s: 0 rss: 37Mb L: 8/8 MS: 4 ChangeBit-ChangeBit-CrossOver-PersAutoDict- DE: "\000\000"-
#1057	NEW    cov: 172 ft: 501 corp: 42/197b lim: 8 exec/s: 0 rss: 37Mb L: 8/8 MS: 1 ChangeBit-
#1079	NEW    cov: 172 ft: 502 corp: 43/204b lim: 8 exec/s: 0 rss: 37Mb L: 7/8 MS: 2 ChangeByte-CrossOver-
#1089	NEW    cov: 172 ft: 503 corp: 44/212b lim: 8 exec/s: 0 rss: 37Mb L: 8/8 MS: 5 InsertByte-CopyPart-ChangeBit-InsertRepeatedBytes-PersAutoDict- DE: "\000\000"-
==677641== libFuzzer: run interrupted; exiting
